<?xml version="1.0" encoding="UTF-8"?>
<!-- Generated by org.testng.reporters.JUnitReportReporter -->
<testsuite skipped="0" hostname="rakesh-PC" name="com.actitime.tests.VerifyVersionTest" tests="2" failures="0" timestamp="22 Apr 2019 04:31:58 GMT" time="45.331" errors="0">
  <testcase name="testVerifyVersion" time="22.479" classname="com.actitime.tests.VerifyVersionTest"/>
  <testcase name="testVerifyVersion" time="22.852" classname="com.actitime.tests.VerifyVersionTest"/>
</testsuite> <!-- com.actitime.tests.VerifyVersionTest -->
