<?xml version="1.0" encoding="UTF-8"?>
<!-- Generated by org.testng.reporters.JUnitReportReporter -->
<testsuite skipped="0" hostname="rakesh-PC" name="com.actitime.tests.InvalidLoginTest" tests="2" failures="0" timestamp="22 Apr 2019 04:31:58 GMT" time="175.933" errors="0">
  <testcase name="testInvalidLogin" time="40.924" classname="com.actitime.tests.InvalidLoginTest"/>
  <testcase name="testInvalidLogin" time="135.009" classname="com.actitime.tests.InvalidLoginTest"/>
</testsuite> <!-- com.actitime.tests.InvalidLoginTest -->
